<?xml version="1.0" encoding="UTF-8"?>
<testng-results ignored="0" total="1" passed="1" failed="0" skipped="0">
  <reporter-output>
  </reporter-output>
  <suite started-at="2023-03-28T20:44:09 EDT" name="Default suite" finished-at="2023-03-28T20:44:10 EDT" duration-ms="648">
    <groups>
    </groups>
    <test started-at="2023-03-28T20:44:09 EDT" name="Default test" finished-at="2023-03-28T20:44:10 EDT" duration-ms="648">
      <class name="restAssureTests.restAssuredGet">
        <test-method signature="getMethodTest()[pri:0, instance:restAssureTests.restAssuredGet@6fd83fc1]" started-at="2023-03-28T20:44:09 EDT" name="getMethodTest" finished-at="2023-03-28T20:44:10 EDT" duration-ms="631" status="PASS">
          <reporter-output>
          </reporter-output>
        </test-method> <!-- getMethodTest -->
      </class> <!-- restAssureTests.restAssuredGet -->
    </test> <!-- Default test -->
  </suite> <!-- Default suite -->
</testng-results>
